Determining if the pthread_create exist failed with the following output:
Change Dir: /media/brain/Data/yolo-tensorrt/build/CMakeFiles/CMakeTmp

Run Build Command:"/usr/bin/make" "cmTC_b8fff/fast"
/usr/bin/make -f CMakeFiles/cmTC_b8fff.dir/build.make CMakeFiles/cmTC_b8fff.dir/build
make[1]: Entering directory '/media/brain/Data/yolo-tensorrt/build/CMakeFiles/CMakeTmp'
Building C object CMakeFiles/cmTC_b8fff.dir/CheckSymbolExists.c.o
/usr/bin/cc   -fPIC    -o CMakeFiles/cmTC_b8fff.dir/CheckSymbolExists.c.o   -c /media/brain/Data/yolo-tensorrt/build/CMakeFiles/CMakeTmp/CheckSymbolExists.c
Linking C executable cmTC_b8fff
/usr/bin/cmake -E cmake_link_script CMakeFiles/cmTC_b8fff.dir/link.txt --verbose=1
/usr/bin/cc -fPIC     -rdynamic CMakeFiles/cmTC_b8fff.dir/CheckSymbolExists.c.o  -o cmTC_b8fff 
CMakeFiles/cmTC_b8fff.dir/CheckSymbolExists.c.o: In function `main':
CheckSymbolExists.c:(.text+0x14): undefined reference to `pthread_create'
CheckSymbolExists.c:(.text+0x18): undefined reference to `pthread_create'
collect2: error: ld returned 1 exit status
CMakeFiles/cmTC_b8fff.dir/build.make:97: recipe for target 'cmTC_b8fff' failed
make[1]: *** [cmTC_b8fff] Error 1
make[1]: Leaving directory '/media/brain/Data/yolo-tensorrt/build/CMakeFiles/CMakeTmp'
Makefile:126: recipe for target 'cmTC_b8fff/fast' failed
make: *** [cmTC_b8fff/fast] Error 2

File /media/brain/Data/yolo-tensorrt/build/CMakeFiles/CMakeTmp/CheckSymbolExists.c:
/* */
#include <pthread.h>

int main(int argc, char** argv)
{
  (void)argv;
#ifndef pthread_create
  return ((int*)(&pthread_create))[argc];
#else
  (void)argc;
  return 0;
#endif
}

Determining if the function pthread_create exists in the pthreads failed with the following output:
Change Dir: /media/brain/Data/yolo-tensorrt/build/CMakeFiles/CMakeTmp

Run Build Command:"/usr/bin/make" "cmTC_7a363/fast"
/usr/bin/make -f CMakeFiles/cmTC_7a363.dir/build.make CMakeFiles/cmTC_7a363.dir/build
make[1]: Entering directory '/media/brain/Data/yolo-tensorrt/build/CMakeFiles/CMakeTmp'
Building C object CMakeFiles/cmTC_7a363.dir/CheckFunctionExists.c.o
/usr/bin/cc   -fPIC -DCHECK_FUNCTION_EXISTS=pthread_create   -o CMakeFiles/cmTC_7a363.dir/CheckFunctionExists.c.o   -c /usr/share/cmake-3.10/Modules/CheckFunctionExists.c
Linking C executable cmTC_7a363
/usr/bin/cmake -E cmake_link_script CMakeFiles/cmTC_7a363.dir/link.txt --verbose=1
/usr/bin/cc -fPIC -DCHECK_FUNCTION_EXISTS=pthread_create    -rdynamic CMakeFiles/cmTC_7a363.dir/CheckFunctionExists.c.o  -o cmTC_7a363 -lpthreads 
/usr/bin/ld: cannot find -lpthreads
collect2: error: ld returned 1 exit status
CMakeFiles/cmTC_7a363.dir/build.make:97: recipe for target 'cmTC_7a363' failed
make[1]: *** [cmTC_7a363] Error 1
make[1]: Leaving directory '/media/brain/Data/yolo-tensorrt/build/CMakeFiles/CMakeTmp'
Makefile:126: recipe for target 'cmTC_7a363/fast' failed
make: *** [cmTC_7a363/fast] Error 2


